<?xml version="1.0" encoding="UTF-8"?>
<testng-results skipped="0" failed="0" ignored="0" total="1" passed="1">
  <reporter-output>
  </reporter-output>
  <suite name="Default suite" duration-ms="11007" started-at="2019-06-06T11:57:14Z" finished-at="2019-06-06T11:57:25Z">
    <groups>
    </groups>
    <test name="Default test" duration-ms="11007" started-at="2019-06-06T11:57:14Z" finished-at="2019-06-06T11:57:25Z">
      <class name="default1.PageTestClass">
        <test-method status="PASS" signature="setUp()[pri:0, instance:default1.PageTestClass@4678c730]" name="setUp" is-config="true" duration-ms="6623" started-at="2019-06-06T11:57:14Z" finished-at="2019-06-06T11:57:20Z">
          <reporter-output>
          </reporter-output>
        </test-method> <!-- setUp -->
        <test-method status="PASS" signature="DriverInit()[pri:0, instance:default1.PageTestClass@4678c730]" name="DriverInit" duration-ms="3032" started-at="2019-06-06T11:57:20Z" finished-at="2019-06-06T11:57:23Z">
          <reporter-output>
          </reporter-output>
        </test-method> <!-- DriverInit -->
        <test-method status="PASS" signature="tearDown()[pri:0, instance:default1.PageTestClass@4678c730]" name="tearDown" is-config="true" duration-ms="1297" started-at="2019-06-06T11:57:23Z" finished-at="2019-06-06T11:57:25Z">
          <reporter-output>
          </reporter-output>
        </test-method> <!-- tearDown -->
      </class> <!-- default1.PageTestClass -->
    </test> <!-- Default test -->
  </suite> <!-- Default suite -->
</testng-results>
